"../../../../../UnrealProjects/SimpleFPS/Content/UE4_Mannequin/Mesh/UE4_Mannequin_Skeleton.uasset" 0
"../../../../../UnrealProjects/SimpleFPS/Content/Animation/AnimStarterPack/Aim_Space_Hip.uasset" 1
"../../../../../UnrealProjects/SimpleFPS/Content/Animation/AnimStarterPack/Aim_Space_Ironsights.uasset" 2
"../../../../../UnrealProjects/SimpleFPS/Content/Animation/AnimStarterPack/Crouch_Idle_Rifle_Hip.uasset" 3
"../../../../../UnrealProjects/SimpleFPS/Content/Animation/AnimStarterPack/Crouch_Idle_Rifle_Ironsights.uasset" 4
"../../../../../UnrealProjects/SimpleFPS/Content/Animation/AnimStarterPack/Crouch_to_Stand_Rifle_Hip.uasset" 5
"../../../../../UnrealProjects/SimpleFPS/Content/Animation/AnimStarterPack/Crouch_to_Stand_Rifle_Ironsights.uasset" 6
"../../../../../UnrealProjects/SimpleFPS/Content/Animation/AnimStarterPack/Crouch_Walk_Bwd_Rifle_Hip.uasset" 7
"../../../../../UnrealProjects/SimpleFPS/Content/Animation/AnimStarterPack/Crouch_Walk_Bwd_Rifle_Ironsights.uasset" 8
"../../../../../UnrealProjects/SimpleFPS/Content/Animation/AnimStarterPack/Crouch_Walk_Fwd_Rifle_Hip.uasset" 9
"../../../../../UnrealProjects/SimpleFPS/Content/Animation/AnimStarterPack/Crouch_Walk_Fwd_Rifle_Ironsights.uasset" 10
"../../../../../UnrealProjects/SimpleFPS/Content/Animation/AnimStarterPack/Crouch_Walk_Lt_Rifle_Hip.uasset" 11
"../../../../../UnrealProjects/SimpleFPS/Content/Animation/AnimStarterPack/Crouch_Walk_Lt_Rifle_Ironsights.uasset" 12
"../../../../../UnrealProjects/SimpleFPS/Content/Animation/AnimStarterPack/Crouch_Walk_Rt_Rifle_Hip.uasset" 13
"../../../../../UnrealProjects/SimpleFPS/Content/Animation/AnimStarterPack/Crouch_Walk_Rt_Rifle_Ironsights.uasset" 14
"../../../../../UnrealProjects/SimpleFPS/Content/Animation/AnimStarterPack/Death_2.uasset" 15
"../../../../../UnrealProjects/SimpleFPS/Content/Animation/AnimStarterPack/Death_3.uasset" 16
"../../../../../UnrealProjects/SimpleFPS/Content/Animation/AnimStarterPack/Death_Ironsights_1.uasset" 17
"../../../../../UnrealProjects/SimpleFPS/Content/Animation/AnimStarterPack/Death_Ironsights_2.uasset" 18
"../../../../../UnrealProjects/SimpleFPS/Content/Animation/AnimStarterPack/Equip_Pistol_Standing.uasset" 19
"../../../../../UnrealProjects/SimpleFPS/Content/Animation/AnimStarterPack/Equip_Rifle_Standing.uasset" 20
"../../../../../UnrealProjects/SimpleFPS/Content/Animation/AnimStarterPack/Fire_Rifle_Hip.uasset" 21
"../../../../../UnrealProjects/SimpleFPS/Content/Animation/AnimStarterPack/Fire_Rifle_Ironsights.uasset" 22
"../../../../../UnrealProjects/SimpleFPS/Content/Animation/AnimStarterPack/Fire_Shotgun_Ironsights.uasset" 23
"../../../../../UnrealProjects/SimpleFPS/Content/Animation/AnimStarterPack/Hit_React_1.uasset" 24
"../../../../../UnrealProjects/SimpleFPS/Content/Animation/AnimStarterPack/Hit_React_2.uasset" 25
"../../../../../UnrealProjects/SimpleFPS/Content/Animation/AnimStarterPack/Hit_React_3.uasset" 26
"../../../../../UnrealProjects/SimpleFPS/Content/Animation/AnimStarterPack/Hit_React_4.uasset" 27
"../../../../../UnrealProjects/SimpleFPS/Content/Animation/AnimStarterPack/Idle_Pistol.uasset" 28
"../../../../../UnrealProjects/SimpleFPS/Content/Animation/AnimStarterPack/Idle_Rifle_Hip_Break1.uasset" 29
"../../../../../UnrealProjects/SimpleFPS/Content/Animation/AnimStarterPack/Idle_Rifle_Hip_Break2.uasset" 30
"../../../../../UnrealProjects/SimpleFPS/Content/Animation/AnimStarterPack/Idle_Rifle_Ironsights.uasset" 31
"../../../../../UnrealProjects/SimpleFPS/Content/Animation/AnimStarterPack/Jump_From_Jog.uasset" 32
"../../../../../UnrealProjects/SimpleFPS/Content/Animation/AnimStarterPack/Jump_From_Stand.uasset" 33
"../../../../../UnrealProjects/SimpleFPS/Content/Animation/AnimStarterPack/Jump_From_Stand_Ironsights.uasset" 34
"../../../../../UnrealProjects/SimpleFPS/Content/Animation/AnimStarterPack/Prone_Death_1.uasset" 35
"../../../../../UnrealProjects/SimpleFPS/Content/Animation/AnimStarterPack/Prone_Death_2.uasset" 36
"../../../../../UnrealProjects/SimpleFPS/Content/Animation/AnimStarterPack/Prone_Fire_1.uasset" 37
"../../../../../UnrealProjects/SimpleFPS/Content/Animation/AnimStarterPack/Prone_Fire_2.uasset" 38
"../../../../../UnrealProjects/SimpleFPS/Content/Animation/AnimStarterPack/Prone_Idle.uasset" 39
"../../../../../UnrealProjects/SimpleFPS/Content/Animation/AnimStarterPack/Prone_Reload_Rifle.uasset" 40
"../../../../../UnrealProjects/SimpleFPS/Content/Animation/AnimStarterPack/Prone_Reload_Shotgun.uasset" 41
"../../../../../UnrealProjects/SimpleFPS/Content/Animation/AnimStarterPack/Prone_To_Stand.uasset" 42
"../../../../../UnrealProjects/SimpleFPS/Content/Animation/AnimStarterPack/Reload_Pistol.uasset" 43
"../../../../../UnrealProjects/SimpleFPS/Content/Animation/AnimStarterPack/Reload_Rifle_Hip.uasset" 44
"../../../../../UnrealProjects/SimpleFPS/Content/Animation/AnimStarterPack/Reload_Rifle_Ironsights.uasset" 45
"../../../../../UnrealProjects/SimpleFPS/Content/Animation/AnimStarterPack/Reload_Shotgun_Hip.uasset" 46
"../../../../../UnrealProjects/SimpleFPS/Content/Animation/AnimStarterPack/Reload_Shotgun_Ironsights.uasset" 47
"../../../../../UnrealProjects/SimpleFPS/Content/Animation/AnimStarterPack/Sprint_Fwd_Rifle.uasset" 48
"../../../../../UnrealProjects/SimpleFPS/Content/Animation/AnimStarterPack/Stand_to_Crouch_Rifle_Hip.uasset" 49
"../../../../../UnrealProjects/SimpleFPS/Content/Animation/AnimStarterPack/Stand_to_Crouch_Rifle_Ironsights.uasset" 50
"../../../../../UnrealProjects/SimpleFPS/Content/Animation/AnimStarterPack/Stand_To_Prone.uasset" 51
"../../../../../UnrealProjects/SimpleFPS/Content/Animation/AnimStarterPack/Walk_Bwd_Rifle_Ironsights.uasset" 52
"../../../../../UnrealProjects/SimpleFPS/Content/Animation/AnimStarterPack/Walk_Fwd_Rifle_Ironsights.uasset" 53
"../../../../../UnrealProjects/SimpleFPS/Content/Animation/AnimStarterPack/Walk_Lt_Rifle_Ironsights.uasset" 54
"../../../../../UnrealProjects/SimpleFPS/Content/Animation/AnimStarterPack/Walk_Rt_Rifle_Ironsights.uasset" 55
"../../../../../UnrealProjects/SimpleFPS/Content/FPS_Weapon_Bundle/Weapons/Textures/KA74U/T_KA74U_ALB.uasset" 56
"../../../../../UnrealProjects/SimpleFPS/Content/FPS_Weapon_Bundle/Weapons/Textures/KA74U/T_KA74U_M_MSK.uasset" 57
"../../../../../UnrealProjects/SimpleFPS/Content/FPS_Weapon_Bundle/Weapons/Textures/KA74U/T_KA74U_NRM.uasset" 58
"../../../../../UnrealProjects/SimpleFPS/Content/FPS_Weapon_Bundle/Weapons/Textures/Patterns/T_Stripes__Pattern.uasset" 59
"../../../../../UnrealProjects/SimpleFPS/Content/FPS_Weapon_Bundle/Weapons/Materials/Master_Material/M_Weapon_Master_USE.uasset" 60
"../../../../../UnrealProjects/SimpleFPS/Content/FPS_Weapon_Bundle/Weapons/Textures/Ammunition/T_40mm_Grenade_ALB.uasset" 61
"../../../../../UnrealProjects/SimpleFPS/Content/FPS_Weapon_Bundle/Weapons/Textures/Ammunition/T_40mm_Grenade_M_MSK.uasset" 62
"../../../../../UnrealProjects/SimpleFPS/Content/FPS_Weapon_Bundle/Weapons/Textures/Ammunition/T_40mm_Grenade_NRM.uasset" 63
"../../../../../UnrealProjects/SimpleFPS/Content/FPS_Weapon_Bundle/Weapons/Materials/Ammunition/M_40mm_Grenade.uasset" 64
"../../../../../UnrealProjects/SimpleFPS/Content/FPS_Weapon_Bundle/Weapons/Textures/Ammunition/T_45ap_ALB.uasset" 65
"../../../../../UnrealProjects/SimpleFPS/Content/FPS_Weapon_Bundle/Weapons/Textures/Ammunition/T_45ap_M_MSK.uasset" 66
"../../../../../UnrealProjects/SimpleFPS/Content/FPS_Weapon_Bundle/Weapons/Textures/Ammunition/T_45ap_NRM.uasset" 67
"../../../../../UnrealProjects/SimpleFPS/Content/FPS_Weapon_Bundle/Weapons/Materials/Ammunition/M_45ap.uasset" 68
"../../../../../UnrealProjects/SimpleFPS/Content/FPS_Weapon_Bundle/Weapons/Textures/Ammunition/T_9mm_ALB.uasset" 69
"../../../../../UnrealProjects/SimpleFPS/Content/FPS_Weapon_Bundle/Weapons/Textures/Ammunition/T_9mm_M_MSK.uasset" 70
"../../../../../UnrealProjects/SimpleFPS/Content/FPS_Weapon_Bundle/Weapons/Textures/Ammunition/T_9mm_NRM.uasset" 71
"../../../../../UnrealProjects/SimpleFPS/Content/FPS_Weapon_Bundle/Weapons/Materials/Ammunition/M_9mm.uasset" 72
"../../../../../UnrealProjects/SimpleFPS/Content/FPS_Weapon_Bundle/Weapons/Textures/Ammunition/T_9x18_ALB.uasset" 73
"../../../../../UnrealProjects/SimpleFPS/Content/FPS_Weapon_Bundle/Weapons/Textures/Ammunition/T_9x18_M_MSK.uasset" 74
"../../../../../UnrealProjects/SimpleFPS/Content/FPS_Weapon_Bundle/Weapons/Textures/Ammunition/T_9x18_NRM.uasset" 75
"../../../../../UnrealProjects/SimpleFPS/Content/FPS_Weapon_Bundle/Weapons/Materials/Ammunition/M_9x18.uasset" 76
"../../../../../UnrealProjects/SimpleFPS/Content/FPS_Weapon_Bundle/Weapons/Textures/Ammunition/T_12Gauge_ALB.uasset" 77
"../../../../../UnrealProjects/SimpleFPS/Content/FPS_Weapon_Bundle/Weapons/Textures/Ammunition/T_12Gauge_M_MSK.uasset" 78
"../../../../../UnrealProjects/SimpleFPS/Content/FPS_Weapon_Bundle/Weapons/Textures/Ammunition/T_12Gauge_NRM.uasset" 79
"../../../../../UnrealProjects/SimpleFPS/Content/FPS_Weapon_Bundle/Weapons/Materials/Ammunition/M_Ammo_12gauge.uasset" 80
"../../../../../UnrealProjects/SimpleFPS/Content/FPS_Weapon_Bundle/Weapons/Textures/KA_Val/T_KA_Val_ALB.uasset" 81
"../../../../../UnrealProjects/SimpleFPS/Content/FPS_Weapon_Bundle/Weapons/Textures/KA_Val/T_KA_Val_M_MSK.uasset" 82
"../../../../../UnrealProjects/SimpleFPS/Content/FPS_Weapon_Bundle/Weapons/Textures/KA_Val/T_KA_Val_NRM.uasset" 83
"../../../../../UnrealProjects/SimpleFPS/Content/FPS_Weapon_Bundle/Weapons/Materials/KA_Val/M_KA_Val.uasset" 84
"../../../../../UnrealProjects/SimpleFPS/Content/FPS_Weapon_Bundle/Weapons/Textures/KA_Val/T_KA_Val_Black_ALB.uasset" 85
"../../../../../UnrealProjects/SimpleFPS/Content/FPS_Weapon_Bundle/Weapons/Materials/KA_Val/M_KA_Val_Black.uasset" 86
"../../../../../UnrealProjects/SimpleFPS/Content/FPS_Weapon_Bundle/Weapons/Textures/Patterns/T_Wood_Marpat_Pattern.uasset" 87
"../../../../../UnrealProjects/SimpleFPS/Content/FPS_Weapon_Bundle/Weapons/Materials/KA_Val/M_KA_Val_Black_Camo.uasset" 88
"../../../../../UnrealProjects/SimpleFPS/Content/FPS_Weapon_Bundle/Weapons/Materials/KA_Val/M_KA_Val_Black_Striped.uasset" 89
"../../../../../UnrealProjects/SimpleFPS/Content/FPS_Weapon_Bundle/Weapons/Textures/Accessories/T_Scope_25x56_Lens_ALB.uasset" 90
"../../../../../UnrealProjects/SimpleFPS/Content/FPS_Weapon_Bundle/Weapons/Textures/Accessories/T_Scope_25x56_Lens_M_MSK.uasset" 91
"../../../../../UnrealProjects/SimpleFPS/Content/FPS_Weapon_Bundle/Weapons/Materials/Master_Material/M_Scope_Lens_MASTER.uasset" 92
"../../../../../UnrealProjects/SimpleFPS/Content/FPS_Weapon_Bundle/Weapons/Textures/RDS/T_RDS_01.uasset" 93
"../../../../../UnrealProjects/SimpleFPS/Content/FPS_Weapon_Bundle/Weapons/Materials/Master_Material/M_RDS_Master.uasset" 94
"../../../../../UnrealProjects/SimpleFPS/Content/FPS_Weapon_Bundle/Weapons/Materials/RDS/M_RDS_01.uasset" 95
"../../../../../UnrealProjects/SimpleFPS/Content/FPS_Weapon_Bundle/Weapons/Textures/RDS/T_RDS_02.uasset" 96
"../../../../../UnrealProjects/SimpleFPS/Content/FPS_Weapon_Bundle/Weapons/Materials/RDS/M_RDS_02.uasset" 97
"../../../../../UnrealProjects/SimpleFPS/Content/FPS_Weapon_Bundle/Weapons/Textures/RDS/T_RDS_03.uasset" 98
"../../../../../UnrealProjects/SimpleFPS/Content/FPS_Weapon_Bundle/Weapons/Materials/RDS/M_RDS_03.uasset" 99
"../../../../../UnrealProjects/SimpleFPS/Content/FPS_Weapon_Bundle/Weapons/Materials/RDS/M_RDS_Glass.uasset" 100
"../../../../../UnrealProjects/SimpleFPS/Content/FPS_Weapon_Bundle/Weapons/Textures/Ammunition/T_762x39_ALB.uasset" 101
"../../../../../UnrealProjects/SimpleFPS/Content/FPS_Weapon_Bundle/Weapons/Textures/Ammunition/T_762x39_M_MSK.uasset" 102
"../../../../../UnrealProjects/SimpleFPS/Content/FPS_Weapon_Bundle/Weapons/Textures/Ammunition/T_762x39_NRM.uasset" 103
"../../../../../UnrealProjects/SimpleFPS/Content/FPS_Weapon_Bundle/Weapons/Materials/Ammunition/M_762x39_Empty.uasset" 104
"../../../../../UnrealProjects/SimpleFPS/Content/FPS_Weapon_Bundle/Weapons/Meshes/KA_Val/SK_KA_Val_X_Physics.uasset" 105
"../../../../../UnrealProjects/SimpleFPS/Content/FPS_Weapon_Bundle/Weapons/Meshes/KA_Val/SK_KA_Val_X_Skeleton.uasset" 106
"../../../../../UnrealProjects/SimpleFPS/Content/FPS_Weapon_Bundle/Weapons/Meshes/KA_Val/SK_KA_Val_X.uasset" 107
"../../../../../UnrealProjects/SimpleFPS/Content/FPS_Weapon_Bundle/Weapons/Textures/Accessories/T_Scope_25x56_ALB.uasset" 108
"../../../../../UnrealProjects/SimpleFPS/Content/FPS_Weapon_Bundle/Weapons/Textures/Accessories/T_Scope_25x56_M_MSK.uasset" 109
"../../../../../UnrealProjects/SimpleFPS/Content/FPS_Weapon_Bundle/Weapons/Textures/Accessories/T_Scope_25x56_NRM.uasset" 110
"../../../../../UnrealProjects/SimpleFPS/Content/FPS_Weapon_Bundle/Weapons/Textures/Accessories/T_Suppressor5_ALB.uasset" 111
"../../../../../UnrealProjects/SimpleFPS/Content/FPS_Weapon_Bundle/Weapons/Textures/Accessories/T_Suppressor5_M_MSK.uasset" 112
"../../../../../UnrealProjects/SimpleFPS/Content/FPS_Weapon_Bundle/Weapons/Textures/Accessories/T_Suppressor5_NRM.uasset" 113
"../../../../../UnrealProjects/SimpleFPS/Content/FPS_Weapon_Bundle/Weapons/Textures/Accessories/T_Tc4_ALB.uasset" 114
"../../../../../UnrealProjects/SimpleFPS/Content/FPS_Weapon_Bundle/Weapons/Textures/Accessories/T_Tc4_M_MSK.uasset" 115
"../../../../../UnrealProjects/SimpleFPS/Content/FPS_Weapon_Bundle/Weapons/Textures/Accessories/T_Tc4_NRM.uasset" 116
"../../../../../UnrealProjects/SimpleFPS/Content/FPS_Weapon_Bundle/Weapons/Textures/Accessories/T_V_Grip_ALB.uasset" 117
"../../../../../UnrealProjects/SimpleFPS/Content/FPS_Weapon_Bundle/Weapons/Textures/Accessories/T_V_Grip_M_MSK.uasset" 118
"../../../../../UnrealProjects/SimpleFPS/Content/FPS_Weapon_Bundle/Weapons/Textures/Accessories/T_V_Grip_NRM.uasset" 119
"../../../../../UnrealProjects/SimpleFPS/Content/FPS_Weapon_Bundle/Weapons/Textures/KA47/T_KA47_ALB.uasset" 120
"../../../../../UnrealProjects/SimpleFPS/Content/FPS_Weapon_Bundle/Weapons/Textures/KA47/T_KA47_Gold_ALB.uasset" 121
"../../../../../UnrealProjects/SimpleFPS/Content/FPS_Weapon_Bundle/Weapons/Textures/KA47/T_KA47_Gold_M_MSK.uasset" 122
"../../../../../UnrealProjects/SimpleFPS/Content/FPS_Weapon_Bundle/Weapons/Textures/KA47/T_KA47_M_MSK.uasset" 123
"../../../../../UnrealProjects/SimpleFPS/Content/FPS_Weapon_Bundle/Weapons/Textures/KA47/T_KA47_NRM.uasset" 124
"../../../../../UnrealProjects/SimpleFPS/Content/FPS_Weapon_Bundle/Weapons/Textures/KA74U/T_KA74U_Gold_ALB.uasset" 125
"../../../../../UnrealProjects/SimpleFPS/Content/FPS_Weapon_Bundle/Weapons/Textures/KA74U/T_KA74U_Gold_M_MSK.uasset" 126
"../../../../../UnrealProjects/SimpleFPS/Content/FPS_Weapon_Bundle/Weapons/Textures/Patterns/T_80s_Pattern.uasset" 127
"../../../../../UnrealProjects/SimpleFPS/Content/FPS_Weapon_Bundle/Weapons/Textures/Patterns/T_Chochip_Pattern.uasset" 128
"../../../../../UnrealProjects/SimpleFPS/Content/FPS_Weapon_Bundle/Weapons/Textures/Patterns/T_Cracks_Pattern.uasset" 129
"../../../../../UnrealProjects/SimpleFPS/Content/FPS_Weapon_Bundle/Weapons/Textures/Patterns/T_Desert_Marpat_Pattern.uasset" 130
"../../../../../UnrealProjects/SimpleFPS/Content/FPS_Weapon_Bundle/Weapons/Textures/Patterns/T_Hexagon_Glow_Pattern.uasset" 131
"../../../../../UnrealProjects/SimpleFPS/Content/FPS_Weapon_Bundle/Weapons/Textures/Patterns/T_Hexagon_Pattern.uasset" 132
"../../../../../UnrealProjects/SimpleFPS/Content/FPS_Weapon_Bundle/Weapons/Textures/Patterns/T_Ink_Pattern.uasset" 133
"../../../../../UnrealProjects/SimpleFPS/Content/FPS_Weapon_Bundle/Weapons/Textures/Patterns/T_LeafSpray_Pattern.uasset" 134
"../../../../../UnrealProjects/SimpleFPS/Content/FPS_Weapon_Bundle/Weapons/Textures/Patterns/T_Net01_Pattern.uasset" 135
"../../../../../UnrealProjects/SimpleFPS/Content/FPS_Weapon_Bundle/Weapons/Textures/Patterns/T_Urban_Marpat_Pattern.uasset" 136
"../../../../../UnrealProjects/SimpleFPS/Content/FPS_Weapon_Bundle/Weapons/Textures/Patterns/T_W90K_Pattern.uasset" 137
"../../../../../UnrealProjects/SimpleFPS/Content/FPS_Weapon_Bundle/Weapons/Textures/Patterns/T_W90_Pattern.uasset" 138
"../../../Engine/Content/Animation/DefaultAnimCurveCompressionSettings.uasset" 139
"../../../Engine/Content/Functions/Engine_MaterialFunctions01/Opacity/CameraDepthFade.uasset" 140
"../../../Engine/Content/EngineMaterials/T_Default_Material_Grid_M.uasset" 141
"../../../Engine/Content/EngineMaterials/T_Default_Material_Grid_N.uasset" 142
"../../../Engine/Content/EngineMaterials/WorldGridMaterial.uasset" 143
"../../../Engine/Content/ArtTools/RenderToTexture/Meshes/S_1_Unit_Plane.uasset" 144
"../../../Engine/Content/EngineMaterials/DefaultMaterial.uasset" 145
"../../../Engine/Content/BasicShapes/Cone.uasset" 146
"../../../Engine/Content/BasicShapes/Cylinder.uasset" 147
"../../../Engine/Content/EditorLandscapeResources/DataLayer.uasset" 148
"../../../Engine/Content/EditorMaterials/GizmoMaterial.uasset" 149
"../../../Engine/Content/EditorMaterials/MAT_Groups_Toggle.uasset" 150
"../../../Engine/Content/EditorMaterials/MAT_Groups_Visibility.uasset" 151
"../../../Engine/Content/EditorMaterials/PreviewShadowIndicator.uasset" 152
"../../../Engine/Content/EditorMaterials/PreviewShadowIndicatorMaterial.uasset" 153
"../../../Engine/Content/EditorMaterials/MatineeGroups/MAT_ColorTrack.uasset" 154
"../../../Engine/Content/EditorMaterials/MatineeGroups/MAT_Groups_Anim.uasset" 155
"../../../Engine/Content/EditorMaterials/MatineeGroups/MAT_Groups_AudioMaster.uasset" 156
"../../../Engine/Content/EditorMaterials/MatineeGroups/MAT_Groups_Director.uasset" 157
"../../../Engine/Content/EditorMaterials/MatineeGroups/MAT_Groups_Event.uasset" 158
"../../../Engine/Content/EditorMaterials/MatineeGroups/MAT_Groups_Fade.uasset" 159
"../../../Engine/Content/EditorMaterials/MatineeGroups/MAT_Groups_Float.uasset" 160
"../../../Engine/Content/EditorMaterials/MatineeGroups/MAT_Groups_Move.uasset" 161
"../../../Engine/Content/EditorMaterials/MatineeGroups/MAT_Groups_Slomo.uasset" 162
"../../../Engine/Content/EditorMaterials/MatineeGroups/MAT_Groups_Sound.uasset" 163
"../../../Engine/Content/EditorMaterials/MatineeGroups/MAT_Groups_Vector.uasset" 164
"../../../Engine/Content/EditorMaterials/ParticleSystems/PSysThumbnail_NoImage.uasset" 165
"../../../Engine/Content/EditorMaterials/ParticleSystems/PSysThumbnail_OOD.uasset" 166
"../../../Engine/Content/EditorMaterials/Camera/CineMat.uasset" 167
"../../../Engine/Content/EditorMaterials/Camera/MI_CineMat_Rig.uasset" 168
"../../../Engine/Content/EditorMeshes/Camera/SM_CraneRig_Arm.uasset" 169
"../../../Engine/Content/EditorMeshes/Camera/SM_CraneRig_Base.uasset" 170
"../../../Engine/Content/EditorMeshes/Camera/SM_CraneRig_Body.uasset" 171
"../../../Engine/Content/EditorMeshes/Camera/SM_CraneRig_Mount.uasset" 172
"../../../Engine/Content/EditorMeshes/Camera/SM_RailRig_Mount.uasset" 173
"../../../Engine/Content/EditorMeshes/Camera/SM_RailRig_Track.uasset" 174
"../../../Engine/Content/EditorResources/BSPVertex.uasset" 175
"../../../Engine/Content/EditorResources/EmptyActor.uasset" 176
"../../../Engine/Content/EditorResources/S_Actor.uasset" 177
"../../../Engine/Content/EditorResources/S_Note.uasset" 178
"../../../Engine/Content/EditorResources/S_Solver.uasset" 179
"../../../Engine/Content/EditorResources/S_Trigger.uasset" 180
"../../../Engine/Content/EditorResources/LightIcons/S_LightError.uasset" 181
"../../../Engine/Content/EditorResources/SequenceRecorder/Countdown.uasset" 182
"../../../Engine/Content/EditorResources/SequenceRecorder/RecordingIndicator.uasset" 183
"../../../Engine/Content/EditorSounds/Notifications/CompileFailed.uasset" 184
"../../../Engine/Content/EditorSounds/Notifications/CompileFailed_Cue.uasset" 185
"../../../Engine/Content/EditorSounds/Notifications/CompileSuccess.uasset" 186
"../../../Engine/Content/EditorSounds/Notifications/CompileStart_Cue.uasset" 187
"../../../Engine/Content/EditorSounds/Notifications/CompileSuccess_Cue.uasset" 188
"../../../Engine/Content/EngineDamageTypes/DmgTypeBP_Environmental.uasset" 189
"../../../Engine/Content/EngineDebugMaterials/HeatmapGradient.uasset" 190
"../../../Engine/Content/EngineDebugMaterials/BoneWeightMaterial.uasset" 191
"../../../Engine/Content/EngineDebugMaterials/ClothMaterial.uasset" 192
"../../../Engine/Content/EngineDebugMaterials/ClothMaterial_WF.uasset" 193
"../../../Engine/Content/EngineDebugMaterials/DebugEditorMaterial.uasset" 194
"../../../Engine/Content/EngineDebugMaterials/DebugMeshMaterial.uasset" 195
"../../../Engine/Content/EngineDebugMaterials/GeomMaterial.uasset" 196
"../../../Engine/Content/EngineDebugMaterials/M_SimpleTranslucent.uasset" 197
"../../../Engine/Content/Functions/Engine_MaterialFunctions02/Utility/CameraDirectionVector.uasset" 198
"../../../Engine/Content/EngineDebugMaterials/VolumeToRender.uasset" 199
"../../../Engine/Content/EngineDebugMaterials/M_VolumeRenderSphereTracePP.uasset" 200
"../../../Engine/Content/EngineDebugMaterials/WireframeMaterial.uasset" 201
"../../../Engine/Content/EngineMaterials/BaseFlattenDiffuseMap.uasset" 202
"../../../Engine/Content/EngineMaterials/BaseFlattenEmissiveMap.uasset" 203
"../../../Engine/Content/EngineMaterials/BaseFlattenGrayscaleMap.uasset" 204
"../../../Engine/Content/EngineMaterials/BaseFlattenNormalMap.uasset" 205
"../../../Engine/Content/EngineMaterials/BaseFlattenMaterial.uasset" 206
"../../../Engine/Content/EngineMaterials/BlueNoise.uasset" 207
"../../../Engine/Content/EngineMaterials/DefaultBloomKernel.uasset" 208
"../../../Engine/Content/EngineMaterials/DefaultBokeh.uasset" 209
"../../../Engine/Content/EngineMaterials/DefaultDiffuse.uasset" 210
"../../../Engine/Content/EngineMaterials/DefaultDeferredDecalMaterial.uasset" 211
"../../../Engine/Content/EngineMaterials/DefaultLightFunctionMaterial.uasset" 212
"../../../Engine/Content/EngineMaterials/DefaultPhysicalMaterial.uasset" 213
"../../../Engine/Content/Functions/Engine_MaterialFunctions02/Utility/BreakOutFloat2Components.uasset" 214
"../../../Engine/Content/EngineMaterials/DefaultPostProcessMaterial.uasset" 215
"../../../Engine/Content/EngineFonts/RobotoDistanceField.uasset" 216
"../../../Engine/Content/EngineMaterials/DefaultTextMaterialOpaque.uasset" 217
"../../../Engine/Content/EngineMaterials/DefaultVirtualTextureMaterial.uasset" 218
"../../../Engine/Content/EngineMaterials/DefaultWhiteGrid.uasset" 219
"../../../Engine/Content/EngineMaterials/EditorBrushMaterial.uasset" 220
"../../../Engine/Content/EngineMaterials/DefaultWhiteGrid_Low.uasset" 221
"../../../Engine/Content/EngineMaterials/EmissiveMeshMaterial.uasset" 222
"../../../Engine/Content/EngineMaterials/Good64x64TilingNoiseHighFreq.uasset" 223
"../../../Engine/Content/EngineMaterials/MiniFont.uasset" 224
"../../../Engine/Content/EngineMaterials/InvalidLightmapSettings.uasset" 225
"../../../Engine/Content/EngineMaterials/M_InvalidLightmapSettings.uasset" 226
"../../../Engine/Content/Functions/Engine_MaterialFunctions02/WorldPositionOffset/CameraOffset.uasset" 227
"../../../Engine/Content/EngineMaterials/PhAT_JointLimitMaterial.uasset" 228
"../../../Engine/Content/EngineMaterials/PreintegratedSkinBRDF.uasset" 229
"../../../Engine/Content/EngineMaterials/RemoveSurfaceMaterial.uasset" 230
"../../../Engine/Content/EngineMaterials/WeightMapPlaceholderTexture.uasset" 231
"../../../Engine/Content/EngineResources/WhiteSquareTexture.uasset" 232
"../../../Engine/Content/EngineMaterials/Widget3DPassThrough.uasset" 233
"../../../Engine/Content/EngineMaterials/Widget3DPassThrough_Masked.uasset" 234
"../../../Engine/Content/EngineMaterials/Widget3DPassThrough_Opaque.uasset" 235
"../../../Engine/Content/EngineMaterials/Widget3DPassThrough_Masked_OneSided.uasset" 236
"../../../Engine/Content/EngineMaterials/Widget3DPassThrough_Opaque_OneSided.uasset" 237
"../../../Engine/Content/EngineMaterials/Widget3DPassThrough_Translucent.uasset" 238
"../../../Engine/Content/EngineMaterials/Widget3DPassThrough_Translucent_OneSided.uasset" 239
"../../../Engine/Content/EngineMeshes/Cylinder.uasset" 240
"../../../Engine/Content/EngineMeshes/Sphere.uasset" 241
"../../../Engine/Content/EngineResources/Black.uasset" 242
"../../../Engine/Content/EngineResources/DefaultTexture.uasset" 243
"../../../Engine/Content/EngineResources/DefaultTextureCube.uasset" 244
"../../../Engine/Content/EngineResources/DefaultVolumeTexture2D.uasset" 245
"../../../Engine/Content/EngineResources/DefaultVolumeTexture.uasset" 246
"../../../Engine/Content/EngineResources/GradientTexture0.uasset" 247
"../../../Engine/Content/EngineSounds/Master.uasset" 248
"../../../Engine/Content/Functions/Engine_MaterialFunctions01/Shading/ConvertFromDiffSpec.uasset" 249
"../../../Engine/Content/Functions/Engine_MaterialFunctions01/Shading/PowerToRoughness.uasset" 250
"../../../Engine/Content/Maps/Templates/Thumbnails/Default.uasset" 251
"../../../Engine/Content/Maps/Templates/Thumbnails/VR-Basic.uasset" 252
"../../../Engine/Content/MobileResources/T_MobileControls_texture.uasset" 253
"../../../Engine/Content/MobileResources/T_MobileMenu2.uasset" 254
"../../../Engine/Content/MobileResources/HUD/AnalogHat.uasset" 255
"../../../Engine/Content/MobileResources/HUD/VirtualJoystick_Background.uasset" 256
"../../../Engine/Content/MobileResources/HUD/VirtualJoystick_Thumb.uasset" 257
"../../../Engine/Content/MobileResources/HUD/DefaultVirtualJoysticks.uasset" 258
"../../../Engine/Content/MobileResources/HUD/LeftVirtualJoystickOnly.uasset" 259
"../../../Engine/Content/MobileResources/HUD/MobileHUDButton1_off.uasset" 260
"../../../Engine/Content/MobileResources/HUD/MobileHUDButton1_on.uasset" 261
"../../../Engine/Content/MobileResources/HUD/MobileHUDButton2_off.uasset" 262
"../../../Engine/Content/MobileResources/HUD/MobileHUDButton2_on.uasset" 263
"../../../Engine/Content/MobileResources/HUD/MobileHUDButton3.uasset" 264
"../../../Engine/Content/MobileResources/HUD/MobileHUDButtonFire.uasset" 265
"../../../Engine/Content/MobileResources/HUD/MobileHUDDirectionPad.uasset" 266
"../../../Engine/Content/MobileResources/HUD/MobileHUDDirectionPad2.uasset" 267
"../../../Engine/Content/MobileResources/HUD/MobileHUDDirectionPad3.uasset" 268
"../../../Engine/Content/MobileResources/HUD/MobileHUDDirectionStick.uasset" 269
"../../../Engine/Content/MobileResources/HUD/T_Castle_ThumbstickInner.uasset" 270
"../../../Engine/Content/MobileResources/HUD/T_Castle_ThumbstickOutter.uasset" 271
"../../../Engine/Content/Tutorial/ContentIntroCurve.uasset" 272
"../../../Engine/Content/Tutorial/Basics/LevelEditorAttract.uasset" 273
"../../../Engine/Content/Tutorial/Basics/TutorialAssets/icon_tab_Levels_40x.uasset" 274
"../../../Engine/Content/Tutorial/Basics/LevelEditorOverview.uasset" 275
"../../../Engine/Content/VREditor/LaserPointer/VR_LaserPower_01.uasset" 276
"../../../Engine/Content/VREditor/TransformGizmo/TransformGizmoMaterial.uasset" 277
"../../../Engine/Content/VREditor/TransformGizmo/TranslucentTransformGizmoMaterial.uasset" 278
"../../../Engine/Content/VREditor/TransformGizmo/BoundingBoxCorner.uasset" 279
"../../../Engine/Content/VREditor/TransformGizmo/BoundingBoxEdge.uasset" 280
"../../../Engine/Content/VREditor/TransformGizmo/PlaneTranslationHandle.uasset" 281
"../../../Engine/Content/VREditor/TransformGizmo/Main.uasset" 282
"../../../Engine/Content/VREditor/TransformGizmo/Xray.uasset" 283
"../../../Engine/Content/VREditor/TransformGizmo/SM_Sequencer_Key.uasset" 284
"../../../Engine/Content/VREditor/TransformGizmo/SM_Sequencer_Node.uasset" 285
"../../../Engine/Content/EditorBlueprintResources/StandardMacros.uasset" 286
"../../../Engine/Content/EngineSky/C_Sky_Cloud_Color.uasset" 287
"../../../Engine/Content/EngineSky/C_Sky_Horizon_Color.uasset" 288
"../../../Engine/Content/EngineSky/C_Sky_Zenith_Color.uasset" 289
"../../../Engine/Content/EngineSky/T_Sky_Blue.uasset" 290
"../../../Engine/Content/EngineSky/T_Sky_Clouds_M.uasset" 291
"../../../Engine/Content/EngineSky/T_Sky_Stars.uasset" 292
"../../../Engine/Content/EngineSky/M_Sky_Panning_Clouds2.uasset" 293
"../../../Engine/Content/EngineSky/SM_SkySphere.uasset" 294
"../../../Engine/Content/EngineSky/BP_Sky_Sphere.uasset" 295
"../../../../../UnrealProjects/SimpleFPS/Content/TeamData.uasset" 296
"../../../../../UnrealProjects/SimpleFPS/Content/Animation/AnimStarterPack/Death_1.uasset" 297
"../../../../../UnrealProjects/SimpleFPS/Content/Animation/AnimStarterPack/Idle_Rifle_Hip.uasset" 298
"../../../../../UnrealProjects/SimpleFPS/Content/Animation/AnimStarterPack/Jog_Bwd_Rifle.uasset" 299
"../../../../../UnrealProjects/SimpleFPS/Content/Animation/AnimStarterPack/Jog_Fwd_Rifle.uasset" 300
"../../../../../UnrealProjects/SimpleFPS/Content/Animation/AnimStarterPack/Jog_Lt_Rifle.uasset" 301
"../../../../../UnrealProjects/SimpleFPS/Content/Animation/AnimStarterPack/Jog_Rt_Rifle.uasset" 302
"../../../../../UnrealProjects/SimpleFPS/Content/Animation/IdleJog.uasset" 303
"../../../../../UnrealProjects/SimpleFPS/Content/Animation/AnimBP_SimpleFPSCharacter.uasset" 304
"../../../../../UnrealProjects/SimpleFPS/Content/Animation/AnimStarterPack/Fire_Shotgun_Hip.uasset" 305
"../../../../../UnrealProjects/SimpleFPS/Content/Animation/FireMontage.uasset" 306
"../../../../../UnrealProjects/SimpleFPS/Content/FPS_Weapon_Bundle/Weapons/Meshes/KA_Val/SK_KA_Val_Y_Physics.uasset" 307
"../../../../../UnrealProjects/SimpleFPS/Content/FPS_Weapon_Bundle/Weapons/Meshes/KA_Val/SK_KA_Val_Y_Skeleton.uasset" 308
"../../../../../UnrealProjects/SimpleFPS/Content/FPS_Weapon_Bundle/Weapons/Meshes/KA_Val/SK_KA_Val_Y.uasset" 309
"../../../Engine/Content/Functions/Engine_MaterialFunctions02/Utility/BlendAngleCorrectedNormals.uasset" 310
"../../../Engine/Content/Functions/MaterialLayerFunctions/MatLayerBlend_AO.uasset" 311
"../../../Engine/Content/Functions/MaterialLayerFunctions/MatLayerBlend_NormalBlend.uasset" 312
"../../../Engine/Content/Functions/MaterialLayerFunctions/MatLayerBlend_Simple.uasset" 313
"../../../../../UnrealProjects/SimpleFPS/Content/UE4_Mannequin/Materials/MaterialLayers/T_ML_Rubber_Blue_01_D.uasset" 314
"../../../../../UnrealProjects/SimpleFPS/Content/UE4_Mannequin/Materials/MaterialLayers/T_ML_Rubber_Blue_01_N.uasset" 315
"../../../../../UnrealProjects/SimpleFPS/Content/UE4_Mannequin/Materials/MaterialLayers/ML_GlossyBlack_Latex_UE4.uasset" 316
"../../../../../UnrealProjects/SimpleFPS/Content/UE4_Mannequin/Materials/MaterialLayers/ML_Plastic_Shiny_Beige.uasset" 317
"../../../../../UnrealProjects/SimpleFPS/Content/UE4_Mannequin/Textures/UE4_LOGO_CARD.uasset" 318
"../../../../../UnrealProjects/SimpleFPS/Content/UE4_Mannequin/Materials/MaterialLayers/ML_Plastic_Shiny_Beige_LOGO.uasset" 319
"../../../../../UnrealProjects/SimpleFPS/Content/UE4_Mannequin/Materials/MaterialLayers/T_ML_Aluminum01.uasset" 320
"../../../../../UnrealProjects/SimpleFPS/Content/UE4_Mannequin/Materials/MaterialLayers/T_ML_Aluminum01_N.uasset" 321
"../../../../../UnrealProjects/SimpleFPS/Content/UE4_Mannequin/Materials/MaterialLayers/ML_SoftMetal_UE4.uasset" 322
"../../../../../UnrealProjects/SimpleFPS/Content/UE4_Mannequin/Textures/UE4_Mannequin__normals.uasset" 323
"../../../../../UnrealProjects/SimpleFPS/Content/UE4_Mannequin/Textures/UE4_Mannequin_MAT_MASKA.uasset" 324
"../../../../../UnrealProjects/SimpleFPS/Content/UE4_Mannequin/Textures/UE4_Mannequin_occlusion_Mobile.uasset" 325
"../../../../../UnrealProjects/SimpleFPS/Content/UE4_Mannequin/Materials/M_UE4Man_Body.uasset" 326
"../../../../../UnrealProjects/SimpleFPS/Content/UE4_Mannequin/Textures/UE4Man_Logo_N.uasset" 327
"../../../../../UnrealProjects/SimpleFPS/Content/UE4_Mannequin/Materials/M_UE4Man_ChestLogo.uasset" 328
"../../../../../UnrealProjects/SimpleFPS/Content/UE4_Mannequin/Mesh/SK_Mannequin_PhysicsAsset.uasset" 329
"../../../../../UnrealProjects/SimpleFPS/Content/UE4_Mannequin/Mesh/SK_Mannequin.uasset" 330
"../../../Engine/Content/BasicShapes/Sphere.uasset" 331
"../../../../../UnrealProjects/SimpleFPS/Content/Weapons/BowlingBall.uasset" 332
"../../../../../UnrealProjects/SimpleFPS/Content/Weapons/BBGun.uasset" 333
"../../../../../UnrealProjects/SimpleFPS/Content/BP_SimpleFPSCharacter.uasset" 334
"../../../../../UnrealProjects/SimpleFPS/Content/UI/AmmoBar.uasset" 335
"../../../../../UnrealProjects/SimpleFPS/Content/UI/HealthBar.uasset" 336
"../../../../../UnrealProjects/SimpleFPS/Content/UI/HUD.uasset" 337
"../../../../../UnrealProjects/SimpleFPS/Content/BP_HUD.uasset" 338
"../../../../../UnrealProjects/SimpleFPS/Content/BP_SimpleFPSPlayerController.uasset" 339
"../../../../../UnrealProjects/SimpleFPS/Content/BP_SimpleFPSGameMode.uasset" 340
"../../../../../UnrealProjects/SimpleFPS/Content/Maps/TestMap_BuiltData.uasset" 341
"../../../../../UnrealProjects/SimpleFPS/Content/M_MapObjects.uasset" 342
"../../../../../UnrealProjects/SimpleFPS/Content/MI_MapObjects.uasset" 343
"../../../../../UnrealProjects/SimpleFPS/Content/MI_MapWalls.uasset" 344
"../../../Engine/Content/BasicShapes/Cube.uasset" 345
"../../../Engine/Content/MapTemplates/SM_Template_Map_Floor.uasset" 346
"../../../../../UnrealProjects/SimpleFPS/Content/Maps/TestMap.umap" 347
"../../../Engine/Content/EngineFonts/Faces/RobotoBold.uasset" 348
"../../../Engine/Content/EngineFonts/Faces/RobotoBoldItalic.uasset" 349
"../../../Engine/Content/EngineFonts/Faces/RobotoItalic.uasset" 350
"../../../Engine/Content/EngineFonts/Faces/RobotoLight.uasset" 351
"../../../Engine/Content/EngineFonts/Faces/RobotoRegular.uasset" 352
"../../../Engine/Content/EngineFonts/Roboto.uasset" 353
"../../../../../UnrealProjects/SimpleFPS/Content/MainMenu/PlayTab_MainMenuWidget.uasset" 354
"../../../../../UnrealProjects/SimpleFPS/Content/MainMenu/MainMenuWidget.uasset" 355
"../../../../../UnrealProjects/SimpleFPS/Content/MainMenu/MainMenuHUD.uasset" 356
"../../../../../UnrealProjects/SimpleFPS/Content/MainMenu/MainMenuPawn.uasset" 357
"../../../../../UnrealProjects/SimpleFPS/Content/MainMenu/MainMenuGamemode.uasset" 358
"../../../../../UnrealProjects/SimpleFPS/Content/MainMenu/MainMenuMap_BuiltData.uasset" 359
"../../../Engine/Content/BasicShapes/BasicShapeMaterial.uasset" 360
"../../../Engine/Content/BasicShapes/Plane.uasset" 361
"../../../../../UnrealProjects/SimpleFPS/Content/MainMenu/MainMenuMap.umap" 362
